<?xml version="1.0" encoding="UTF-8"?>
<!-- Generated by org.testng.reporters.JUnitReportReporter -->
<testsuite skipped="0" hostname="vaulin-macbookpro.roam.corp.google.com" name="core.AllureReportTest" tests="2" failures="0" timestamp="2019-08-30T19:33:37 PDT" time="17.814" errors="0">
  <testcase name="SignUpTest" time="14.150" classname="core.AllureReportTest"/>
  <testcase name="ConfirmationTest" time="3.664" classname="core.AllureReportTest"/>
</testsuite> <!-- core.AllureReportTest -->
